<?xml version="1.0" encoding="UTF-8"?>
<!-- Generated by org.testng.reporters.JUnitReportReporter -->
<testsuite hostname="KairosHW0415" failures="0" tests="1" name="com.pageobjectmodel.dummy" time="187.539" errors="0" timestamp="2023-12-21T14:44:45 IST" skipped="0">
  <testcase classname="com.pageobjectmodel.dummy" name="login" time="187.539"/>
</testsuite> <!-- com.pageobjectmodel.dummy -->
