<?xml version="1.0" encoding="UTF-8"?>
<!-- Generated by org.testng.reporters.JUnitReportReporter -->
<testsuite hostname="KairosHW0415" failures="0" tests="1" name="com.pageobjectmodel.DQG_Test_Run" time="101.424" errors="0" timestamp="2024-01-02T13:28:33 IST" skipped="0">
  <testcase classname="com.pageobjectmodel.DQG_Test_Run" name="test" time="101.424"/>
</testsuite> <!-- com.pageobjectmodel.DQG_Test_Run -->
