<?xml version="1.0" encoding="UTF-8"?>
<!-- Generated by org.testng.reporters.JUnitReportReporter -->
<testsuite hostname="KairosHW0415" failures="0" tests="1" name="com.pagefactory.DQGHomepage" time="135.243" errors="0" timestamp="2023-12-18T15:22:23 IST" skipped="0">
  <testcase classname="com.pagefactory.DQGHomepage" name="login" time="135.243"/>
</testsuite> <!-- com.pagefactory.DQGHomepage -->
