<?xml version="1.0" encoding="UTF-8"?>
<!-- Generated by org.testng.reporters.JUnitReportReporter -->
<testsuite hostname="KairosHW0415" failures="0" tests="1" name="com.pageobjectmodel.DQHomepage" time="135.225" errors="0" timestamp="2023-12-18T15:12:06 IST" skipped="0">
  <testcase classname="com.pageobjectmodel.DQHomepage" name="login" time="135.225"/>
</testsuite> <!-- com.pageobjectmodel.DQHomepage -->
